0 info it worked if it ends with ok
1 verbose cli [ '/usr/local/node/bin/node',
1 verbose cli   '/usr/local/bin/npm',
1 verbose cli   'run',
1 verbose cli   'test' ]
2 info using npm@2.14.2
3 info using node@v4.0.0
4 verbose run-script [ 'pretest', 'test', 'posttest' ]
5 info pretest vote@1.0.0
6 info test vote@1.0.0
7 verbose unsafe-perm in lifecycle true
8 info vote@1.0.0 Failed to exec test script
9 verbose stack Error: vote@1.0.0 test: `node ./node_modules/mocha/bin/mocha --ui tdd --compilers js:babel/register --require ./test/test_helper.js --recursive`
9 verbose stack Exit status 1
9 verbose stack     at EventEmitter.<anonymous> (/usr/local/node/lib/node_modules/npm/lib/utils/lifecycle.js:214:16)
9 verbose stack     at emitTwo (events.js:87:13)
9 verbose stack     at EventEmitter.emit (events.js:172:7)
9 verbose stack     at ChildProcess.<anonymous> (/usr/local/node/lib/node_modules/npm/lib/utils/spawn.js:24:14)
9 verbose stack     at emitTwo (events.js:87:13)
9 verbose stack     at ChildProcess.emit (events.js:172:7)
9 verbose stack     at maybeClose (internal/child_process.js:817:16)
9 verbose stack     at Process.ChildProcess._handle.onexit (internal/child_process.js:211:5)
10 verbose pkgid vote@1.0.0
11 verbose cwd /home/ester/Documents/voteproject
12 error Linux 3.16.0-38-generic
13 error argv "/usr/local/node/bin/node" "/usr/local/bin/npm" "run" "test"
14 error node v4.0.0
15 error npm  v2.14.2
16 error code ELIFECYCLE
17 error vote@1.0.0 test: `node ./node_modules/mocha/bin/mocha --ui tdd --compilers js:babel/register --require ./test/test_helper.js --recursive`
17 error Exit status 1
18 error Failed at the vote@1.0.0 test script 'node ./node_modules/mocha/bin/mocha --ui tdd --compilers js:babel/register --require ./test/test_helper.js --recursive'.
18 error This is most likely a problem with the vote package,
18 error not with npm itself.
18 error Tell the author that this fails on your system:
18 error     node ./node_modules/mocha/bin/mocha --ui tdd --compilers js:babel/register --require ./test/test_helper.js --recursive
18 error You can get their info via:
18 error     npm owner ls vote
18 error There is likely additional logging output above.
19 verbose exit [ 1, true ]
